<?xml version="1.0" encoding="UTF-8" ?>
<testsuite tests="1" failures="0" name="com.mmall.service.test.ProductServiceTest" time="4.176" errors="1" skipped="0">
  <properties>
[...]
</properties>
  <testcase classname="com.mmall.service.test.ProductServiceTest" name="testIProductService" time="4.172">
    <error message="com/alipay/demo/trade/service/AlipayTradeService" type="java.lang.NoClassDefFoundError">java.lang.NoClassDefFoundError: com/alipay/demo/trade/service/AlipayTradeService
	at java.lang.Class.getDeclaredConstructors0(Native Method)
	at java.lang.Class.privateGetDeclaredConstructors(Class.java:2671)
	at java.lang.Class.getDeclaredConstructors(Class.java:2020)
	at org.springframework.beans.factory.annotation.AutowiredAnnotationBeanPostProcessor.determineCandidateConstructors(AutowiredAnnotationBeanPostProcessor.java:234)
	at org.springframework.beans.factory.support.AbstractAutowireCapableBeanFactory.determineConstructorsFromBeanPostProcessors(AbstractAutowireCapableBeanFactory.java:1040)
	at org.springframework.beans.factory.support.AbstractAutowireCapableBeanFactory.createBeanInstance(AbstractAutowireCapableBeanFactory.java:1013)
	at org.springframework.beans.factory.support.AbstractAutowireCapableBeanFactory.doCreateBean(AbstractAutowireCapableBeanFactory.java:504)
	at org.springframework.beans.factory.support.AbstractAutowireCapableBeanFactory.createBean(AbstractAutowireCapableBeanFactory.java:475)
	at org.springframework.beans.factory.support.AbstractBeanFactory$1.getObject(AbstractBeanFactory.java:304)
	at org.springframework.beans.factory.support.DefaultSingletonBeanRegistry.getSingleton(DefaultSingletonBeanRegistry.java:228)
	at org.springframework.beans.factory.support.AbstractBeanFactory.doGetBean(AbstractBeanFactory.java:300)
	at org.springframework.beans.factory.support.AbstractBeanFactory.getBean(AbstractBeanFactory.java:195)
	at org.springframework.beans.factory.support.DefaultListableBeanFactory.preInstantiateSingletons(DefaultListableBeanFactory.java:703)
	at org.springframework.context.support.AbstractApplicationContext.finishBeanFactoryInitialization(AbstractApplicationContext.java:760)
	at org.springframework.context.support.AbstractApplicationContext.refresh(AbstractApplicationContext.java:482)
	at org.springframework.test.context.support.AbstractGenericContextLoader.loadContext(AbstractGenericContextLoader.java:121)
	at org.springframework.test.context.support.AbstractGenericContextLoader.loadContext(AbstractGenericContextLoader.java:60)
	at org.springframework.test.context.support.AbstractDelegatingSmartContextLoader.delegateLoading(AbstractDelegatingSmartContextLoader.java:100)
	at org.springframework.test.context.support.AbstractDelegatingSmartContextLoader.loadContext(AbstractDelegatingSmartContextLoader.java:250)
	at org.springframework.test.context.CacheAwareContextLoaderDelegate.loadContextInternal(CacheAwareContextLoaderDelegate.java:64)
	at org.springframework.test.context.CacheAwareContextLoaderDelegate.loadContext(CacheAwareContextLoaderDelegate.java:91)
	at org.springframework.test.context.DefaultTestContext.getApplicationContext(DefaultTestContext.java:101)
	at org.springframework.test.context.support.DependencyInjectionTestExecutionListener.injectDependencies(DependencyInjectionTestExecutionListener.java:109)
	at org.springframework.test.context.support.DependencyInjectionTestExecutionListener.prepareTestInstance(DependencyInjectionTestExecutionListener.java:75)
	at org.springframework.test.context.TestContextManager.prepareTestInstance(TestContextManager.java:319)
	at org.springframework.test.context.junit4.SpringJUnit4ClassRunner.createTest(SpringJUnit4ClassRunner.java:212)
	at org.springframework.test.context.junit4.SpringJUnit4ClassRunner$1.runReflectiveCall(SpringJUnit4ClassRunner.java:289)
	at org.junit.internal.runners.model.ReflectiveCallable.run(ReflectiveCallable.java:12)
	at org.springframework.test.context.junit4.SpringJUnit4ClassRunner.methodBlock(SpringJUnit4ClassRunner.java:291)
	at org.springframework.test.context.junit4.SpringJUnit4ClassRunner.runChild(SpringJUnit4ClassRunner.java:232)
	at org.springframework.test.context.junit4.SpringJUnit4ClassRunner.runChild(SpringJUnit4ClassRunner.java:89)
	at org.junit.runners.ParentRunner$3.run(ParentRunner.java:290)
	at org.junit.runners.ParentRunner$1.schedule(ParentRunner.java:71)
	at org.junit.runners.ParentRunner.runChildren(ParentRunner.java:288)
	at org.junit.runners.ParentRunner.access$000(ParentRunner.java:58)
	at org.junit.runners.ParentRunner$2.evaluate(ParentRunner.java:268)
	at org.springframework.test.context.junit4.statements.RunBeforeTestClassCallbacks.evaluate(RunBeforeTestClassCallbacks.java:61)
	at org.springframework.test.context.junit4.statements.RunAfterTestClassCallbacks.evaluate(RunAfterTestClassCallbacks.java:71)
	at org.junit.runners.ParentRunner.run(ParentRunner.java:363)
	at org.springframework.test.context.junit4.SpringJUnit4ClassRunner.run(SpringJUnit4ClassRunner.java:175)
	at org.apache.maven.surefire.junit4.JUnit4TestSet.execute(JUnit4TestSet.java:53)
	at org.apache.maven.surefire.junit4.JUnit4Provider.executeTestSet(JUnit4Provider.java:123)
	at org.apache.maven.surefire.junit4.JUnit4Provider.invoke(JUnit4Provider.java:104)
	at sun.reflect.NativeMethodAccessorImpl.invoke0(Native Method)
	at sun.reflect.NativeMethodAccessorImpl.invoke(NativeMethodAccessorImpl.java:62)
	at sun.reflect.DelegatingMethodAccessorImpl.invoke(DelegatingMethodAccessorImpl.java:43)
	at java.lang.reflect.Method.invoke(Method.java:498)
	at org.apache.maven.surefire.util.ReflectionUtils.invokeMethodWithArray(ReflectionUtils.java:164)
	at org.apache.maven.surefire.booter.ProviderFactory$ProviderProxy.invoke(ProviderFactory.java:110)
	at org.apache.maven.surefire.booter.SurefireStarter.invokeProvider(SurefireStarter.java:175)
	at org.apache.maven.surefire.booter.SurefireStarter.runSuitesInProcessWhenForked(SurefireStarter.java:107)
	at org.apache.maven.surefire.booter.ForkedBooter.main(ForkedBooter.java:68)
Caused by: java.lang.ClassNotFoundException: com.alipay.demo.trade.service.AlipayTradeService
	at java.net.URLClassLoader.findClass(URLClassLoader.java:382)
	at java.lang.ClassLoader.loadClass(ClassLoader.java:424)
	at sun.misc.Launcher$AppClassLoader.loadClass(Launcher.java:349)
	at java.lang.ClassLoader.loadClass(ClassLoader.java:357)
	... 52 more
</error>
    <system-out>[11:38:59.202][INFO][org.redisson.Version][main] Redisson 2.9.0
[11:38:59.214][ERROR][io.netty.util.ResourceLeakDetector][main] LEAK: HashedWheelTimer.release() was not called before it&apos;s garbage-collected. Enable advanced leak reporting to find out where the leak occurred. To enable advanced leak reporting, specify the JVM option &apos;-Dio.netty.leakDetection.level=advanced&apos; or call ResourceLeakDetector.setLevel() See http://netty.io/wiki/reference-counted-objects.html for more information.
[11:39:00.246][WARN][o.r.connection.pool.MasterConnectionPool][redisson-netty-4-6] host /127.0.0.1:6379 disconnected due to failedAttempts=3 limit reached
[11:39:02.551][ERROR][com.mmall.common.RedissonManager][main] redisson init error
org.redisson.client.RedisConnectionException: Can&apos;t init enough connections amount! Only 0 from 10 were initialized. Server: /127.0.0.1:6379
	at org.redisson.connection.pool.ConnectionPool$2$1.operationComplete(ConnectionPool.java:128) ~[redisson-2.9.0.jar:na]
	at io.netty.util.concurrent.DefaultPromise.notifyListener0(DefaultPromise.java:507) ~[netty-common-4.1.8.Final.jar:4.1.8.Final]
	at io.netty.util.concurrent.DefaultPromise.notifyListenersNow(DefaultPromise.java:481) ~[netty-common-4.1.8.Final.jar:4.1.8.Final]
	at io.netty.util.concurrent.DefaultPromise.notifyListeners(DefaultPromise.java:420) ~[netty-common-4.1.8.Final.jar:4.1.8.Final]
	at io.netty.util.concurrent.DefaultPromise.tryFailure(DefaultPromise.java:122) ~[netty-common-4.1.8.Final.jar:4.1.8.Final]
	at org.redisson.misc.RedissonPromise.tryFailure(RedissonPromise.java:75) ~[redisson-2.9.0.jar:na]
	at org.redisson.connection.pool.ConnectionPool.promiseFailure(ConnectionPool.java:298) ~[redisson-2.9.0.jar:na]
	at org.redisson.connection.pool.ConnectionPool.access$400(ConnectionPool.java:53) ~[redisson-2.9.0.jar:na]
	at org.redisson.connection.pool.ConnectionPool$4.operationComplete(ConnectionPool.java:268) ~[redisson-2.9.0.jar:na]
	at io.netty.util.concurrent.DefaultPromise.notifyListener0(DefaultPromise.java:507) ~[netty-common-4.1.8.Final.jar:4.1.8.Final]
	at io.netty.util.concurrent.DefaultPromise.notifyListenersNow(DefaultPromise.java:481) ~[netty-common-4.1.8.Final.jar:4.1.8.Final]
	at io.netty.util.concurrent.DefaultPromise.notifyListeners(DefaultPromise.java:420) ~[netty-common-4.1.8.Final.jar:4.1.8.Final]
	at io.netty.util.concurrent.DefaultPromise.tryFailure(DefaultPromise.java:122) ~[netty-common-4.1.8.Final.jar:4.1.8.Final]
	at org.redisson.misc.RedissonPromise.tryFailure(RedissonPromise.java:75) ~[redisson-2.9.0.jar:na]
	at org.redisson.connection.ClientConnectionsEntry$1.operationComplete(ClientConnectionsEntry.java:141) ~[redisson-2.9.0.jar:na]
	at io.netty.util.concurrent.DefaultPromise.notifyListener0(DefaultPromise.java:507) ~[netty-common-4.1.8.Final.jar:4.1.8.Final]
	at io.netty.util.concurrent.DefaultPromise.notifyListenersNow(DefaultPromise.java:481) ~[netty-common-4.1.8.Final.jar:4.1.8.Final]
	at io.netty.util.concurrent.DefaultPromise.notifyListeners(DefaultPromise.java:420) ~[netty-common-4.1.8.Final.jar:4.1.8.Final]
	at io.netty.util.concurrent.DefaultPromise.tryFailure(DefaultPromise.java:122) ~[netty-common-4.1.8.Final.jar:4.1.8.Final]
	at org.redisson.misc.RedissonPromise.tryFailure(RedissonPromise.java:75) ~[redisson-2.9.0.jar:na]
	at org.redisson.client.RedisClient$2$2.run(RedisClient.java:163) ~[redisson-2.9.0.jar:na]
	at io.netty.util.concurrent.AbstractEventExecutor.safeExecute(AbstractEventExecutor.java:163) ~[netty-common-4.1.8.Final.jar:4.1.8.Final]
	at io.netty.util.concurrent.SingleThreadEventExecutor.runAllTasks(SingleThreadEventExecutor.java:403) ~[netty-common-4.1.8.Final.jar:4.1.8.Final]
	at io.netty.channel.nio.NioEventLoop.run(NioEventLoop.java:445) ~[netty-transport-4.1.8.Final.jar:4.1.8.Final]
	at io.netty.util.concurrent.SingleThreadEventExecutor$5.run(SingleThreadEventExecutor.java:858) ~[netty-common-4.1.8.Final.jar:4.1.8.Final]
	at io.netty.util.concurrent.DefaultThreadFactory$DefaultRunnableDecorator.run(DefaultThreadFactory.java:144) ~[netty-common-4.1.8.Final.jar:4.1.8.Final]
	at java.lang.Thread.run(Thread.java:748) ~[na:1.8.0_191]
Caused by: io.netty.channel.AbstractChannel$AnnotatedConnectException: Connection refused: no further information: /127.0.0.1:6379
	at sun.nio.ch.SocketChannelImpl.checkConnect(Native Method) ~[na:1.8.0_191]
	at sun.nio.ch.SocketChannelImpl.finishConnect(SocketChannelImpl.java:717) ~[na:1.8.0_191]
	at io.netty.channel.socket.nio.NioSocketChannel.doFinishConnect(NioSocketChannel.java:347) ~[netty-transport-4.1.8.Final.jar:4.1.8.Final]
	at io.netty.channel.nio.AbstractNioChannel$AbstractNioUnsafe.finishConnect(AbstractNioChannel.java:340) ~[netty-transport-4.1.8.Final.jar:4.1.8.Final]
	at io.netty.channel.nio.NioEventLoop.processSelectedKey(NioEventLoop.java:630) ~[netty-transport-4.1.8.Final.jar:4.1.8.Final]
	at io.netty.channel.nio.NioEventLoop.processSelectedKeysOptimized(NioEventLoop.java:565) ~[netty-transport-4.1.8.Final.jar:4.1.8.Final]
	at io.netty.channel.nio.NioEventLoop.processSelectedKeys(NioEventLoop.java:479) ~[netty-transport-4.1.8.Final.jar:4.1.8.Final]
	at io.netty.channel.nio.NioEventLoop.run(NioEventLoop.java:441) ~[netty-transport-4.1.8.Final.jar:4.1.8.Final]
	... 3 common frames omitted
[11:39:02.564][DEBUG][org.mybatis.spring.SqlSessionFactoryBean][main] Property `configuration` or &apos;configLocation&apos; not specified, using default MyBatis Configuration
[11:39:02.566][DEBUG][org.mybatis.spring.SqlSessionFactoryBean][main] Registered plugin: &apos;com.github.pagehelper.PageHelper@13e9f2e2&apos;
[11:39:02.578][DEBUG][org.mybatis.spring.SqlSessionFactoryBean][main] Parsed mapper file: &apos;file [F:\��ӡ\һ��+��������\mmallv4.0\target\classes\mappers\CartMapper.xml]&apos;
[11:39:02.589][DEBUG][org.mybatis.spring.SqlSessionFactoryBean][main] Parsed mapper file: &apos;file [F:\��ӡ\һ��+��������\mmallv4.0\target\classes\mappers\CategoryMapper.xml]&apos;
[11:39:02.604][DEBUG][org.mybatis.spring.SqlSessionFactoryBean][main] Parsed mapper file: &apos;file [F:\��ӡ\һ��+��������\mmallv4.0\target\classes\mappers\OrderItemMapper.xml]&apos;
[11:39:02.624][DEBUG][org.mybatis.spring.SqlSessionFactoryBean][main] Parsed mapper file: &apos;file [F:\��ӡ\һ��+��������\mmallv4.0\target\classes\mappers\OrderMapper.xml]&apos;
[11:39:02.653][DEBUG][org.mybatis.spring.SqlSessionFactoryBean][main] Parsed mapper file: &apos;file [F:\��ӡ\һ��+��������\mmallv4.0\target\classes\mappers\PayInfoMapper.xml]&apos;
[11:39:02.668][DEBUG][org.mybatis.spring.SqlSessionFactoryBean][main] Parsed mapper file: &apos;file [F:\��ӡ\һ��+��������\mmallv4.0\target\classes\mappers\ProductMapper.xml]&apos;
[11:39:02.678][DEBUG][org.mybatis.spring.SqlSessionFactoryBean][main] Parsed mapper file: &apos;file [F:\��ӡ\һ��+��������\mmallv4.0\target\classes\mappers\ShippingMapper.xml]&apos;
[11:39:02.718][DEBUG][org.mybatis.spring.SqlSessionFactoryBean][main] Parsed mapper file: &apos;file [F:\��ӡ\һ��+��������\mmallv4.0\target\classes\mappers\UserMapper.xml]&apos;
</system-out>
    <system-err>���� 30, 2019 11:38:58 ���� org.springframework.beans.factory.xml.XmlBeanDefinitionReader loadBeanDefinitions
��Ϣ: Loading XML bean definitions from class path resource [applicationContext.xml]
���� 30, 2019 11:38:58 ���� org.springframework.beans.factory.xml.XmlBeanDefinitionReader loadBeanDefinitions
��Ϣ: Loading XML bean definitions from class path resource [applicationContext-spring-session.xml]
���� 30, 2019 11:38:58 ���� org.springframework.beans.factory.xml.XmlBeanDefinitionReader loadBeanDefinitions
��Ϣ: Loading XML bean definitions from class path resource [applicationContext-datasource.xml]
���� 30, 2019 11:38:58 ���� org.springframework.context.support.AbstractApplicationContext prepareRefresh
��Ϣ: Refreshing org.springframework.context.support.GenericApplicationContext@6548bb7d: startup date [Sun Jun 30 11:38:58 CST 2019]; root of context hierarchy
���� 30, 2019 11:38:58 ���� org.springframework.beans.factory.support.DefaultListableBeanFactory registerBeanDefinition
��Ϣ: Overriding bean definition for bean &apos;org.springframework.context.annotation.internalScheduledAnnotationProcessor&apos;: replacing [Generic bean: class [org.springframework.scheduling.annotation.ScheduledAnnotationBeanPostProcessor]; scope=; abstract=false; lazyInit=false; autowireMode=0; dependencyCheck=0; autowireCandidate=true; primary=false; factoryBeanName=null; factoryMethodName=null; initMethodName=null; destroyMethodName=null] with [Root bean: class [null]; scope=; abstract=false; lazyInit=false; autowireMode=3; dependencyCheck=0; autowireCandidate=true; primary=false; factoryBeanName=org.springframework.scheduling.annotation.SchedulingConfiguration; factoryMethodName=scheduledAnnotationProcessor; initMethodName=null; destroyMethodName=(inferred); defined in class path resource [org/springframework/scheduling/annotation/SchedulingConfiguration.class]]
���� 30, 2019 11:38:59 ���� org.springframework.core.io.support.PropertiesLoaderSupport loadProperties
��Ϣ: Loading properties file from class path resource [datasource.properties]
���� 30, 2019 11:38:59 ���� org.springframework.core.io.support.PropertiesLoaderSupport loadProperties
��Ϣ: Loading properties file from class path resource [datasource.properties]
���� 30, 2019 11:38:59 ���� org.springframework.context.support.PostProcessorRegistrationDelegate$BeanPostProcessorChecker postProcessAfterInitialization
��Ϣ: Bean &apos;org.springframework.scheduling.annotation.SchedulingConfiguration&apos; of type [class org.springframework.scheduling.annotation.SchedulingConfiguration$$EnhancerBySpringCGLIB$$c502bb70] is not eligible for getting processed by all BeanPostProcessors (for example: not eligible for auto-proxying)
</system-err>
  </testcase>
</testsuite>